# JRE version: OpenJDK Runtime Environment (8.0_212-b04) (build 1.8.0_212-release-1586-b04)
# Java VM: OpenJDK 64-Bit Server VM (25.212-b04 mixed mode windows-amd64 compressed oops)
Heap:
 PSYoungGen      total 97792K, used 58062K [0x00000000e0000000, 0x00000000e8a00000, 0x0000000100000000)
  eden space 88576K, 65% used [0x00000000e0000000,0x00000000e38b3b78,0x00000000e5680000)
  from space 9216K, 0% used [0x00000000e5680000,0x00000000e5680000,0x00000000e5f80000)
  to   space 9216K, 0% used [0x00000000e8100000,0x00000000e8100000,0x00000000e8a00000)
 ParOldGen       total 54272K, used 18042K [0x00000000a0000000, 0x00000000a3500000, 0x00000000e0000000)
  object space 54272K, 33% used [0x00000000a0000000,0x00000000a119e948,0x00000000a3500000)
 Metaspace       used 36897K, capacity 37810K, committed 38104K, reserved 1081344K
  class space    used 5046K, capacity 5344K, committed 5376K, reserved 1048576K
GC Heap History (10 events):
Event: 11.863 GC heap before
{Heap before GC invocations=9 (full 1):
 PSYoungGen      total 70656K, used 5599K [0x00000000e0000000, 0x00000000e4d00000, 0x0000000100000000)
  eden space 64000K, 0% used [0x00000000e0000000,0x00000000e0000000,0x00000000e3e80000)
  from space 6656K, 84% used [0x00000000e4580000,0x00000000e4af7f88,0x00000000e4c00000)
  to   space 7168K, 0% used [0x00000000e3e80000,0x00000000e3e80000,0x00000000e4580000)
 ParOldGen       total 44032K, used 8008K [0x00000000a0000000, 0x00000000a2b00000, 0x00000000e0000000)
  object space 44032K, 18% used [0x00000000a0000000,0x00000000a07d21d0,0x00000000a2b00000)
 Metaspace       used 20785K, capacity 21112K, committed 21248K, reserved 1067008K
  class space    used 2878K, capacity 2984K, committed 3072K, reserved 1048576K
Event: 11.952 GC heap after
Heap after GC invocations=9 (full 1):
 PSYoungGen      total 70656K, used 0K [0x00000000e0000000, 0x00000000e4d00000, 0x0000000100000000)
  eden space 64000K, 0% used [0x00000000e0000000,0x00000000e0000000,0x00000000e3e80000)
  from space 6656K, 0% used [0x00000000e4580000,0x00000000e4580000,0x00000000e4c00000)
  to   space 7168K, 0% used [0x00000000e3e80000,0x00000000e3e80000,0x00000000e4580000)
 ParOldGen       total 33280K, used 8721K [0x00000000a0000000, 0x00000000a2080000, 0x00000000e0000000)
  object space 33280K, 26% used [0x00000000a0000000,0x00000000a0884700,0x00000000a2080000)
 Metaspace       used 20785K, capacity 21112K, committed 21248K, reserved 1067008K
  class space    used 2878K, capacity 2984K, committed 3072K, reserved 1048576K
}
Event: 14.109 GC heap before
{Heap before GC invocations=10 (full 1):
 PSYoungGen      total 70656K, used 64000K [0x00000000e0000000, 0x00000000e4d00000, 0x0000000100000000)
  eden space 64000K, 100% used [0x00000000e0000000,0x00000000e3e80000,0x00000000e3e80000)
  from space 6656K, 0% used [0x00000000e4580000,0x00000000e4580000,0x00000000e4c00000)
  to   space 7168K, 0% used [0x00000000e3e80000,0x00000000e3e80000,0x00000000e4580000)
 ParOldGen       total 33280K, used 8721K [0x00000000a0000000, 0x00000000a2080000, 0x00000000e0000000)
  object space 33280K, 26% used [0x00000000a0000000,0x00000000a0884700,0x00000000a2080000)
 Metaspace       used 26403K, capacity 26794K, committed 27008K, reserved 1073152K
  class space    used 3575K, capacity 3694K, committed 3712K, reserved 1048576K
Event: 14.130 GC heap after
Heap after GC invocations=10 (full 1):
 PSYoungGen      total 71168K, used 7151K [0x00000000e0000000, 0x00000000e6780000, 0x0000000100000000)
  eden space 64000K, 0% used [0x00000000e0000000,0x00000000e0000000,0x00000000e3e80000)
  from space 7168K, 99% used [0x00000000e3e80000,0x00000000e457be38,0x00000000e4580000)
  to   space 8192K, 0% used [0x00000000e5f80000,0x00000000e5f80000,0x00000000e6780000)
 ParOldGen       total 33280K, used 9164K [0x00000000a0000000, 0x00000000a2080000, 0x00000000e0000000)
  object space 33280K, 27% used [0x00000000a0000000,0x00000000a08f33b0,0x00000000a2080000)
 Metaspace       used 26403K, capacity 26794K, committed 27008K, reserved 1073152K
  class space    used 3575K, capacity 3694K, committed 3712K, reserved 1048576K
}
Event: 15.761 GC heap before
{Heap before GC invocations=11 (full 1):
 PSYoungGen      total 71168K, used 71151K [0x00000000e0000000, 0x00000000e6780000, 0x0000000100000000)
  eden space 64000K, 100% used [0x00000000e0000000,0x00000000e3e80000,0x00000000e3e80000)
  from space 7168K, 99% used [0x00000000e3e80000,0x00000000e457be38,0x00000000e4580000)
  to   space 8192K, 0% used [0x00000000e5f80000,0x00000000e5f80000,0x00000000e6780000)
 ParOldGen       total 33280K, used 9164K [0x00000000a0000000, 0x00000000a2080000, 0x00000000e0000000)
  object space 33280K, 27% used [0x00000000a0000000,0x00000000a08f33b0,0x00000000a2080000)
 Metaspace       used 29540K, capacity 30166K, committed 30464K, reserved 1075200K
  class space    used 4111K, capacity 4302K, committed 4352K, reserved 1048576K
Event: 15.788 GC heap after
Heap after GC invocations=11 (full 1):
 PSYoungGen      total 96768K, used 8173K [0x00000000e0000000, 0x00000000e6a00000, 0x0000000100000000)
  eden space 88576K, 0% used [0x00000000e0000000,0x00000000e0000000,0x00000000e5680000)
  from space 8192K, 99% used [0x00000000e5f80000,0x00000000e677b418,0x00000000e6780000)
  to   space 9216K, 0% used [0x00000000e5680000,0x00000000e5680000,0x00000000e5f80000)
 ParOldGen       total 33280K, used 10329K [0x00000000a0000000, 0x00000000a2080000, 0x00000000e0000000)
  object space 33280K, 31% used [0x00000000a0000000,0x00000000a0a16520,0x00000000a2080000)
 Metaspace       used 29540K, capacity 30166K, committed 30464K, reserved 1075200K
  class space    used 4111K, capacity 4302K, committed 4352K, reserved 1048576K
}
Event: 17.627 GC heap before
{Heap before GC invocations=12 (full 1):
 PSYoungGen      total 96768K, used 49900K [0x00000000e0000000, 0x00000000e6a00000, 0x0000000100000000)
  eden space 88576K, 47% used [0x00000000e0000000,0x00000000e28bfc78,0x00000000e5680000)
  from space 8192K, 99% used [0x00000000e5f80000,0x00000000e677b418,0x00000000e6780000)
  to   space 9216K, 0% used [0x00000000e5680000,0x00000000e5680000,0x00000000e5f80000)
 ParOldGen       total 33280K, used 10329K [0x00000000a0000000, 0x00000000a2080000, 0x00000000e0000000)
  object space 33280K, 31% used [0x00000000a0000000,0x00000000a0a16520,0x00000000a2080000)
 Metaspace       used 34485K, capacity 35362K, committed 35416K, reserved 1079296K
  class space    used 4733K, capacity 4979K, committed 4992K, reserved 1048576K
Event: 17.642 GC heap after
Heap after GC invocations=12 (full 1):
 PSYoungGen      total 97792K, used 4875K [0x00000000e0000000, 0x00000000e8a00000, 0x0000000100000000)
  eden space 88576K, 0% used [0x00000000e0000000,0x00000000e0000000,0x00000000e5680000)
  from space 9216K, 52% used [0x00000000e5680000,0x00000000e5b42f78,0x00000000e5f80000)
  to   space 9216K, 0% used [0x00000000e8100000,0x00000000e8100000,0x00000000e8a00000)
 ParOldGen       total 33280K, used 16490K [0x00000000a0000000, 0x00000000a2080000, 0x00000000e0000000)
  object space 33280K, 49% used [0x00000000a0000000,0x00000000a101aae8,0x00000000a2080000)
 Metaspace       used 34485K, capacity 35362K, committed 35416K, reserved 1079296K
  class space    used 4733K, capacity 4979K, committed 4992K, reserved 1048576K
}
Event: 17.642 GC heap before
{Heap before GC invocations=13 (full 2):
 PSYoungGen      total 97792K, used 4875K [0x00000000e0000000, 0x00000000e8a00000, 0x0000000100000000)
  eden space 88576K, 0% used [0x00000000e0000000,0x00000000e0000000,0x00000000e5680000)
  from space 9216K, 52% used [0x00000000e5680000,0x00000000e5b42f78,0x00000000e5f80000)
  to   space 9216K, 0% used [0x00000000e8100000,0x00000000e8100000,0x00000000e8a00000)
 ParOldGen       total 33280K, used 16490K [0x00000000a0000000, 0x00000000a2080000, 0x00000000e0000000)
  object space 33280K, 49% used [0x00000000a0000000,0x00000000a101aae8,0x00000000a2080000)
 Metaspace       used 34485K, capacity 35362K, committed 35416K, reserved 1079296K
  class space    used 4733K, capacity 4979K, committed 4992K, reserved 1048576K
Event: 17.709 GC heap after
Heap after GC invocations=13 (full 2):
 PSYoungGen      total 97792K, used 0K [0x00000000e0000000, 0x00000000e8a00000, 0x0000000100000000)
  eden space 88576K, 0% used [0x00000000e0000000,0x00000000e0000000,0x00000000e5680000)
  from space 9216K, 0% used [0x00000000e5680000,0x00000000e5680000,0x00000000e5f80000)
  to   space 9216K, 0% used [0x00000000e8100000,0x00000000e8100000,0x00000000e8a00000)
 ParOldGen       total 54272K, used 18042K [0x00000000a0000000, 0x00000000a3500000, 0x00000000e0000000)
  object space 54272K, 33% used [0x00000000a0000000,0x00000000a119e948,0x00000000a3500000)
 Metaspace       used 34485K, capacity 35362K, committed 35416K, reserved 1079296K
  class space    used 4733K, capacity 4979K, committed 4992K, reserved 1048576K
}

