# JRE version: OpenJDK Runtime Environment (8.0_152-b01) (build 1.8.0_152-release-915-b01)
# Java VM: OpenJDK 64-Bit Server VM (25.152-b01 mixed mode windows-amd64 compressed oops)
Heap:
 PSYoungGen      total 391168K, used 238718K [0x00000000e0000000, 0x0000000100000000, 0x0000000100000000)
  eden space 316416K, 51% used [0x00000000e0000000,0x00000000ea026dc0,0x00000000f3500000)
  from space 74752K, 99% used [0x00000000fb700000,0x00000000ffff8e20,0x0000000100000000)
  to   space 103936K, 0% used [0x00000000f3500000,0x00000000f3500000,0x00000000f9a80000)
 ParOldGen       total 541184K, used 322924K [0x00000000a0000000, 0x00000000c1080000, 0x00000000e0000000)
  object space 541184K, 59% used [0x00000000a0000000,0x00000000b3b5b170,0x00000000c1080000)
 Metaspace       used 105468K, capacity 112810K, committed 113280K, reserved 1146880K
  class space    used 12989K, capacity 14999K, committed 15232K, reserved 1048576K
GC Heap History (10 events):
Event: 7474.742 GC heap before
{Heap before GC invocations=63 (full 5):
 PSYoungGen      total 416768K, used 376649K [0x00000000e0000000, 0x00000000ff700000, 0x0000000100000000)
  eden space 343040K, 100% used [0x00000000e0000000,0x00000000f4f00000,0x00000000f4f00000)
  from space 73728K, 45% used [0x00000000f4f00000,0x00000000f6fd2680,0x00000000f9700000)
  to   space 72192K, 0% used [0x00000000fb080000,0x00000000fb080000,0x00000000ff700000)
 ParOldGen       total 541184K, used 274996K [0x00000000a0000000, 0x00000000c1080000, 0x00000000e0000000)
  object space 541184K, 50% used [0x00000000a0000000,0x00000000b0c8d350,0x00000000c1080000)
 Metaspace       used 103706K, capacity 111012K, committed 111360K, reserved 1144832K
  class space    used 12850K, capacity 14874K, committed 15104K, reserved 1048576K
Event: 7474.815 GC heap after
Heap after GC invocations=63 (full 5):
 PSYoungGen      total 439808K, used 46455K [0x00000000e0000000, 0x00000000fff80000, 0x0000000100000000)
  eden space 367616K, 0% used [0x00000000e0000000,0x00000000e0000000,0x00000000f6700000)
  from space 72192K, 64% used [0x00000000fb080000,0x00000000fdddddb8,0x00000000ff700000)
  to   space 75264K, 0% used [0x00000000f6700000,0x00000000f6700000,0x00000000fb080000)
 ParOldGen       total 541184K, used 275004K [0x00000000a0000000, 0x00000000c1080000, 0x00000000e0000000)
  object space 541184K, 50% used [0x00000000a0000000,0x00000000b0c8f350,0x00000000c1080000)
 Metaspace       used 103706K, capacity 111012K, committed 111360K, reserved 1144832K
  class space    used 12850K, capacity 14874K, committed 15104K, reserved 1048576K
}
Event: 7478.769 GC heap before
{Heap before GC invocations=64 (full 5):
 PSYoungGen      total 439808K, used 414064K [0x00000000e0000000, 0x00000000fff80000, 0x0000000100000000)
  eden space 367616K, 99% used [0x00000000e0000000,0x00000000f66fe360,0x00000000f6700000)
  from space 72192K, 64% used [0x00000000fb080000,0x00000000fdddddb8,0x00000000ff700000)
  to   space 75264K, 0% used [0x00000000f6700000,0x00000000f6700000,0x00000000fb080000)
 ParOldGen       total 541184K, used 275004K [0x00000000a0000000, 0x00000000c1080000, 0x00000000e0000000)
  object space 541184K, 50% used [0x00000000a0000000,0x00000000b0c8f350,0x00000000c1080000)
 Metaspace       used 104186K, capacity 111400K, committed 111616K, reserved 1146880K
  class space    used 12902K, capacity 14912K, committed 15104K, reserved 1048576K
Event: 7478.801 GC heap after
Heap after GC invocations=64 (full 5):
 PSYoungGen      total 442880K, used 29358K [0x00000000e0000000, 0x00000000ffb00000, 0x0000000100000000)
  eden space 367616K, 0% used [0x00000000e0000000,0x00000000e0000000,0x00000000f6700000)
  from space 75264K, 39% used [0x00000000f6700000,0x00000000f83ab8d0,0x00000000fb080000)
  to   space 71168K, 0% used [0x00000000fb580000,0x00000000fb580000,0x00000000ffb00000)
 ParOldGen       total 541184K, used 275012K [0x00000000a0000000, 0x00000000c1080000, 0x00000000e0000000)
  object space 541184K, 50% used [0x00000000a0000000,0x00000000b0c91350,0x00000000c1080000)
 Metaspace       used 104186K, capacity 111400K, committed 111616K, reserved 1146880K
  class space    used 12902K, capacity 14912K, committed 15104K, reserved 1048576K
}
Event: 7488.960 GC heap before
{Heap before GC invocations=65 (full 5):
 PSYoungGen      total 442880K, used 396974K [0x00000000e0000000, 0x00000000ffb00000, 0x0000000100000000)
  eden space 367616K, 100% used [0x00000000e0000000,0x00000000f6700000,0x00000000f6700000)
  from space 75264K, 39% used [0x00000000f6700000,0x00000000f83ab8d0,0x00000000fb080000)
  to   space 71168K, 0% used [0x00000000fb580000,0x00000000fb580000,0x00000000ffb00000)
 ParOldGen       total 541184K, used 275012K [0x00000000a0000000, 0x00000000c1080000, 0x00000000e0000000)
  object space 541184K, 50% used [0x00000000a0000000,0x00000000b0c91350,0x00000000c1080000)
 Metaspace       used 104904K, capacity 112202K, committed 112384K, reserved 1146880K
  class space    used 12966K, capacity 14957K, committed 15104K, reserved 1048576K
Event: 7488.986 GC heap after
Heap after GC invocations=65 (full 5):
 PSYoungGen      total 441856K, used 28245K [0x00000000e0000000, 0x00000000ff400000, 0x0000000100000000)
  eden space 377856K, 0% used [0x00000000e0000000,0x00000000e0000000,0x00000000f7100000)
  from space 64000K, 44% used [0x00000000fb580000,0x00000000fd115780,0x00000000ff400000)
  to   space 67072K, 0% used [0x00000000f7100000,0x00000000f7100000,0x00000000fb280000)
 ParOldGen       total 541184K, used 275020K [0x00000000a0000000, 0x00000000c1080000, 0x00000000e0000000)
  object space 541184K, 50% used [0x00000000a0000000,0x00000000b0c93350,0x00000000c1080000)
 Metaspace       used 104904K, capacity 112202K, committed 112384K, reserved 1146880K
  class space    used 12966K, capacity 14957K, committed 15104K, reserved 1048576K
}
Event: 7580.408 GC heap before
{Heap before GC invocations=66 (full 5):
 PSYoungGen      total 441856K, used 406101K [0x00000000e0000000, 0x00000000ff400000, 0x0000000100000000)
  eden space 377856K, 100% used [0x00000000e0000000,0x00000000f7100000,0x00000000f7100000)
  from space 64000K, 44% used [0x00000000fb580000,0x00000000fd115780,0x00000000ff400000)
  to   space 67072K, 0% used [0x00000000f7100000,0x00000000f7100000,0x00000000fb280000)
 ParOldGen       total 541184K, used 275020K [0x00000000a0000000, 0x00000000c1080000, 0x00000000e0000000)
  object space 541184K, 50% used [0x00000000a0000000,0x00000000b0c93350,0x00000000c1080000)
 Metaspace       used 105252K, capacity 112404K, committed 112768K, reserved 1146880K
  class space    used 12983K, capacity 14996K, committed 15232K, reserved 1048576K
Event: 7580.463 GC heap after
Heap after GC invocations=66 (full 5):
 PSYoungGen      total 444928K, used 59029K [0x00000000e0000000, 0x0000000100000000, 0x0000000100000000)
  eden space 377856K, 0% used [0x00000000e0000000,0x00000000e0000000,0x00000000f7100000)
  from space 67072K, 88% used [0x00000000f7100000,0x00000000faaa5748,0x00000000fb280000)
  to   space 74752K, 0% used [0x00000000fb700000,0x00000000fb700000,0x0000000100000000)
 ParOldGen       total 541184K, used 275028K [0x00000000a0000000, 0x00000000c1080000, 0x00000000e0000000)
  object space 541184K, 50% used [0x00000000a0000000,0x00000000b0c95350,0x00000000c1080000)
 Metaspace       used 105252K, capacity 112404K, committed 112768K, reserved 1146880K
  class space    used 12983K, capacity 14996K, committed 15232K, reserved 1048576K
}
Event: 7581.735 GC heap before
{Heap before GC invocations=67 (full 5):
 PSYoungGen      total 444928K, used 436885K [0x00000000e0000000, 0x0000000100000000, 0x0000000100000000)
  eden space 377856K, 100% used [0x00000000e0000000,0x00000000f7100000,0x00000000f7100000)
  from space 67072K, 88% used [0x00000000f7100000,0x00000000faaa5748,0x00000000fb280000)
  to   space 74752K, 0% used [0x00000000fb700000,0x00000000fb700000,0x0000000100000000)
 ParOldGen       total 541184K, used 275028K [0x00000000a0000000, 0x00000000c1080000, 0x00000000e0000000)
  object space 541184K, 50% used [0x00000000a0000000,0x00000000b0c95350,0x00000000c1080000)
 Metaspace       used 105392K, capacity 112676K, committed 113024K, reserved 1146880K
  class space    used 12987K, capacity 14998K, committed 15232K, reserved 1048576K
Event: 7581.790 GC heap after
Heap after GC invocations=67 (full 5):
 PSYoungGen      total 391168K, used 74723K [0x00000000e0000000, 0x0000000100000000, 0x0000000100000000)
  eden space 316416K, 0% used [0x00000000e0000000,0x00000000e0000000,0x00000000f3500000)
  from space 74752K, 99% used [0x00000000fb700000,0x00000000ffff8e20,0x0000000100000000)
  to   space 103936K, 0% used [0x00000000f3500000,0x00000000f3500000,0x00000000f9a80000)
 ParOldGen       total 541184K, used 322924K [0x00000000a0000000, 0x00000000c1080000, 0x00000000e0000000)
  object space 541184K, 59% used [0x00000000a0000000,0x00000000b3b5b170,0x00000000c1080000)
 Metaspace       used 105392K, capacity 112676K, committed 113024K, reserved 1146880K
  class space    used 12987K, capacity 14998K, committed 15232K, reserved 1048576K
}

